0 info it worked if it ends with ok
1 verbose cli [ '/Users/chloele/.nvm/versions/node/v5.0.0/bin/node',
1 verbose cli   '/Users/chloele/.nvm/versions/node/v5.0.0/bin/npm',
1 verbose cli   'start' ]
2 info using npm@3.3.6
3 info using node@v5.0.0
4 verbose run-script [ 'prestart', 'start', 'poststart' ]
5 info lifecycle foodiegram@1.0.0~prestart: foodiegram@1.0.0
6 silly lifecycle foodiegram@1.0.0~prestart: no script for prestart, continuing
7 info lifecycle foodiegram@1.0.0~start: foodiegram@1.0.0
8 verbose lifecycle foodiegram@1.0.0~start: unsafe-perm in lifecycle true
9 verbose lifecycle foodiegram@1.0.0~start: PATH: /Users/chloele/.nvm/versions/node/v5.0.0/lib/node_modules/npm/bin/node-gyp-bin:/Users/chloele/Documents/Penn/CIS197/Cis197 Final In Progress/node_modules/.bin:/Users/chloele/.nvm/versions/node/v5.0.0/bin:/Library/Frameworks/Python.framework/Versions/2.7/bin:/Library/Frameworks/Python.framework/Versions/3.6/bin:/usr/bin:/bin:/usr/sbin:/sbin:/usr/local/bin:/opt/X11/bin:/Library/TeX/texbin
10 verbose lifecycle foodiegram@1.0.0~start: CWD: /Users/chloele/Documents/Penn/CIS197/Cis197 Final In Progress
11 silly lifecycle foodiegram@1.0.0~start: Args: [ '-c', 'node app.js' ]
12 silly lifecycle foodiegram@1.0.0~start: Returned: code: 1  signal: null
13 info lifecycle foodiegram@1.0.0~start: Failed to exec start script
14 verbose stack Error: foodiegram@1.0.0 start: `node app.js`
14 verbose stack Exit status 1
14 verbose stack     at EventEmitter.<anonymous> (/Users/chloele/.nvm/versions/node/v5.0.0/lib/node_modules/npm/lib/utils/lifecycle.js:233:16)
14 verbose stack     at emitTwo (events.js:87:13)
14 verbose stack     at EventEmitter.emit (events.js:172:7)
14 verbose stack     at ChildProcess.<anonymous> (/Users/chloele/.nvm/versions/node/v5.0.0/lib/node_modules/npm/lib/utils/spawn.js:24:14)
14 verbose stack     at emitTwo (events.js:87:13)
14 verbose stack     at ChildProcess.emit (events.js:172:7)
14 verbose stack     at maybeClose (internal/child_process.js:818:16)
14 verbose stack     at Process.ChildProcess._handle.onexit (internal/child_process.js:211:5)
15 verbose pkgid foodiegram@1.0.0
16 verbose cwd /Users/chloele/Documents/Penn/CIS197/Cis197 Final In Progress
17 error Darwin 16.0.0
18 error argv "/Users/chloele/.nvm/versions/node/v5.0.0/bin/node" "/Users/chloele/.nvm/versions/node/v5.0.0/bin/npm" "start"
19 error node v5.0.0
20 error npm  v3.3.6
21 error code ELIFECYCLE
22 error foodiegram@1.0.0 start: `node app.js`
22 error Exit status 1
23 error Failed at the foodiegram@1.0.0 start script 'node app.js'.
23 error This is most likely a problem with the foodiegram package,
23 error not with npm itself.
23 error Tell the author that this fails on your system:
23 error     node app.js
23 error You can get their info via:
23 error     npm owner ls foodiegram
23 error There is likely additional logging output above.
24 verbose exit [ 1, true ]
